<?xml version="1.0" encoding="UTF-8"?>
<!-- Generated by org.testng.reporters.JUnitReportReporter -->
<testsuite hostname="bravindra-lp" failures="0" tests="1" name="datgadriven.utility.Parametarization" time="18.597" errors="0" timestamp="2025-10-25T16:03:40 IST" skipped="0">
  <testcase classname="datgadriven.utility.Parametarization" name="Formfilling" time="18.597"/>
</testsuite> <!-- datgadriven.utility.Parametarization -->
