<?xml version="1.0" encoding="UTF-8"?>
<!-- Generated by org.testng.reporters.JUnitReportReporter -->
<testsuite hostname="bravindra-lp" failures="0" tests="1" name="datgadriven.utility.datadriventest" time="15.706" errors="0" timestamp="2025-10-25T14:49:50 IST" skipped="0">
  <testcase classname="datgadriven.utility.datadriventest" name="Formfilling" time="15.706"/>
</testsuite> <!-- datgadriven.utility.datadriventest -->
