<?xml version="1.0" encoding="UTF-8"?>
<!-- Generated by org.testng.reporters.JUnitReportReporter -->
<testsuite hostname="LAPTOP-CTAK608F" failures="0" tests="3" name="com.test.Dependencyfeature" time="0.009" errors="0" timestamp="2023-11-01T19:42:11 IST" skipped="0">
  <testcase classname="com.test.Dependencyfeature" name="Loginpage" time="0.007"/>
  <system-out/>
  <testcase classname="com.test.Dependencyfeature" name="Regpage" time="0.001"/>
  <system-out/>
  <testcase classname="com.test.Dependencyfeature" name="Searchpage" time="0.001"/>
  <system-out/>
</testsuite> <!-- com.test.Dependencyfeature -->
