<?xml version="1.0" encoding="UTF-8"?>
<!-- Generated by org.testng.reporters.JUnitReportReporter -->
<testsuite hostname="LAPTOP-CTAK608F" failures="0" tests="3" name="datgadriven.utility.DataproviderTest" time="10.801" errors="0" timestamp="2023-11-01T13:15:02 IST" skipped="0">
  <testcase classname="datgadriven.utility.DataproviderTest" name="ProtocommerceForm" time="2.144"/>
  <system-out/>
  <testcase classname="datgadriven.utility.DataproviderTest" name="ProtocommerceForm" time="4.661"/>
  <system-out/>
  <testcase classname="datgadriven.utility.DataproviderTest" name="ProtocommerceForm" time="3.996"/>
  <system-out/>
</testsuite> <!-- datgadriven.utility.DataproviderTest -->
