<?xml version="1.0" encoding="UTF-8"?>
<!-- Generated by org.testng.reporters.JUnitReportReporter -->
<testsuite hostname="LAPTOP-CTAK608F" failures="0" tests="2" name="com.test.GoogleTitletestwithAssertion" time="6.238" errors="0" timestamp="2023-10-29T20:26:17 IST" skipped="0">
  <testcase classname="com.test.GoogleTitletestwithAssertion" name="GoogleTitleTest" time="3.517"/>
  <system-out/>
  <testcase classname="com.test.GoogleTitletestwithAssertion" name="GoogleLogoTest" time="2.721"/>
  <system-out/>
</testsuite> <!-- com.test.GoogleTitletestwithAssertion -->
