<?xml version="1.0" encoding="UTF-8"?>
<!-- Generated by org.testng.reporters.JUnitReportReporter -->
<testsuite hostname="bravindra-lp" failures="0" tests="4" name="datgadriven.utility.DataproviderTest" time="42.549" errors="0" timestamp="2025-10-25T16:07:48 IST" skipped="0">
  <testcase classname="datgadriven.utility.DataproviderTest" name="ProtocommerceForm" time="10.079"/>
  <testcase classname="datgadriven.utility.DataproviderTest" name="ProtocommerceForm" time="11.333"/>
  <testcase classname="datgadriven.utility.DataproviderTest" name="ProtocommerceForm" time="10.995"/>
  <testcase classname="datgadriven.utility.DataproviderTest" name="ProtocommerceForm" time="10.142"/>
</testsuite> <!-- datgadriven.utility.DataproviderTest -->
