<?xml version="1.0" encoding="UTF-8"?>
<!-- Generated by org.testng.reporters.JUnitReportReporter -->
<testsuite hostname="LAPTOP-CTAK608F" failures="0" tests="10" name="com.test.InvocationcountFeature" time="0.009" errors="0" timestamp="2023-10-29T20:26:17 IST" skipped="0">
  <testcase classname="com.test.InvocationcountFeature" name="sum" time="0.001"/>
  <system-out/>
  <testcase classname="com.test.InvocationcountFeature" name="sum" time="0.002"/>
  <system-out/>
  <testcase classname="com.test.InvocationcountFeature" name="sum" time="0.001"/>
  <system-out/>
  <testcase classname="com.test.InvocationcountFeature" name="sum" time="0.001"/>
  <system-out/>
  <testcase classname="com.test.InvocationcountFeature" name="sum" time="0.003"/>
  <system-out/>
  <testcase classname="com.test.InvocationcountFeature" name="sum" time="0.000"/>
  <system-out/>
  <testcase classname="com.test.InvocationcountFeature" name="sum" time="0.001"/>
  <system-out/>
  <testcase classname="com.test.InvocationcountFeature" name="sum" time="0.000"/>
  <system-out/>
  <testcase classname="com.test.InvocationcountFeature" name="sum" time="0.000"/>
  <system-out/>
  <testcase classname="com.test.InvocationcountFeature" name="sum" time="0.000"/>
  <system-out/>
</testsuite> <!-- com.test.InvocationcountFeature -->
