<?xml version="1.0" encoding="UTF-8"?>
<!-- Generated by org.testng.reporters.JUnitReportReporter -->
<testsuite hostname="LAPTOP-CTAK608F" failures="0" tests="1" name="datgadriven.utility.Parametarization" time="5.591" errors="0" timestamp="2023-11-21T18:53:58 IST" skipped="0">
  <testcase classname="datgadriven.utility.Parametarization" name="Formfilling" time="5.591"/>
</testsuite> <!-- datgadriven.utility.Parametarization -->
