<?xml version="1.0" encoding="UTF-8"?>
<!-- Generated by org.testng.reporters.JUnitReportReporter -->
<testsuite hostname="LAPTOP-CTAK608F" failures="0" tests="1" name="datgadriven.utility.datadriventest" time="5.069" errors="0" timestamp="2023-10-31T13:43:56 IST" skipped="0">
  <testcase classname="datgadriven.utility.datadriventest" name="Formfilling" time="5.069"/>
  <system-out/>
</testsuite> <!-- datgadriven.utility.datadriventest -->
